  [1m[35m (425.1ms)[0m  [1m[35mCREATE DATABASE "taskleaf_development" ENCODING = 'unicode'[0m
  â†³ bin/rails:9
  [1m[35m (287.4ms)[0m  [1m[35mCREATE DATABASE "taskleaf_test" ENCODING = 'unicode'[0m
  â†³ bin/rails:9
Started GET "/users" for 127.0.0.1 at 2018-11-25 17:41:54 +0900
  
ActionController::RoutingError (No route matches [GET] "/users"):
  
actionpack (5.2.1) lib/action_dispatch/middleware/debug_exceptions.rb:65:in `call'
web-console (3.7.0) lib/web_console/middleware.rb:135:in `call_app'
web-console (3.7.0) lib/web_console/middleware.rb:30:in `block in call'
web-console (3.7.0) lib/web_console/middleware.rb:20:in `catch'
web-console (3.7.0) lib/web_console/middleware.rb:20:in `call'
actionpack (5.2.1) lib/action_dispatch/middleware/show_exceptions.rb:33:in `call'
railties (5.2.1) lib/rails/rack/logger.rb:38:in `call_app'
railties (5.2.1) lib/rails/rack/logger.rb:26:in `block in call'
activesupport (5.2.1) lib/active_support/tagged_logging.rb:71:in `block in tagged'
activesupport (5.2.1) lib/active_support/tagged_logging.rb:28:in `tagged'
activesupport (5.2.1) lib/active_support/tagged_logging.rb:71:in `tagged'
railties (5.2.1) lib/rails/rack/logger.rb:26:in `call'
sprockets-rails (3.2.1) lib/sprockets/rails/quiet_assets.rb:13:in `call'
actionpack (5.2.1) lib/action_dispatch/middleware/remote_ip.rb:81:in `call'
actionpack (5.2.1) lib/action_dispatch/middleware/request_id.rb:27:in `call'
rack (2.0.6) lib/rack/method_override.rb:22:in `call'
rack (2.0.6) lib/rack/runtime.rb:22:in `call'
activesupport (5.2.1) lib/active_support/cache/strategy/local_cache_middleware.rb:29:in `call'
actionpack (5.2.1) lib/action_dispatch/middleware/executor.rb:14:in `call'
actionpack (5.2.1) lib/action_dispatch/middleware/static.rb:127:in `call'
rack (2.0.6) lib/rack/sendfile.rb:111:in `call'
railties (5.2.1) lib/rails/engine.rb:524:in `call'
puma (3.12.0) lib/puma/configuration.rb:225:in `call'
puma (3.12.0) lib/puma/server.rb:658:in `handle_request'
puma (3.12.0) lib/puma/server.rb:472:in `process_client'
puma (3.12.0) lib/puma/server.rb:332:in `block in run'
puma (3.12.0) lib/puma/thread_pool.rb:133:in `block in spawn_thread'
Started GET "/" for 127.0.0.1 at 2018-11-25 17:42:06 +0900
Processing by Rails::WelcomeController#index as HTML
  Rendering /home/satoru/.rbenv/versions/2.5.0/lib/ruby/gems/2.5.0/gems/railties-5.2.1/lib/rails/templates/rails/welcome/index.html.erb
  Rendered /home/satoru/.rbenv/versions/2.5.0/lib/ruby/gems/2.5.0/gems/railties-5.2.1/lib/rails/templates/rails/welcome/index.html.erb (2.1ms)
Completed 200 OK in 7ms (Views: 4.6ms | ActiveRecord: 0.0ms)


  [1m[35m (69.6ms)[0m  [1m[35mCREATE TABLE "schema_migrations" ("version" character varying NOT NULL PRIMARY KEY)[0m
  â†³ bin/rails:9
  [1m[35m (31.6ms)[0m  [1m[35mCREATE TABLE "ar_internal_metadata" ("key" character varying NOT NULL PRIMARY KEY, "value" character varying, "created_at" timestamp NOT NULL, "updated_at" timestamp NOT NULL)[0m
  â†³ bin/rails:9
  [1m[35m (2.0ms)[0m  [1m[34mSELECT pg_try_advisory_lock(3400679014569659550)[0m
  â†³ bin/rails:9
  [1m[35m (0.9ms)[0m  [1m[34mSELECT "schema_migrations"."version" FROM "schema_migrations" ORDER BY "schema_migrations"."version" ASC[0m
  â†³ bin/rails:9
Migrating to CreateTasks (20181127212545)
  [1m[35m (0.2ms)[0m  [1m[35mBEGIN[0m
  â†³ bin/rails:9
  [1m[35m (28.4ms)[0m  [1m[35mCREATE TABLE "tasks" ("id" bigserial primary key, "name" character varying, "description" text, "created_at" timestamp NOT NULL, "updated_at" timestamp NOT NULL)[0m
  â†³ db/migrate/20181127212545_create_tasks.rb:3
  [1m[36mActiveRecord::SchemaMigration Create (3.7ms)[0m  [1m[32mINSERT INTO "schema_migrations" ("version") VALUES ($1) RETURNING "version"[0m  [["version", "20181127212545"]]
  â†³ bin/rails:9
  [1m[35m (0.7ms)[0m  [1m[35mCOMMIT[0m
  â†³ bin/rails:9
  [1m[36mActiveRecord::InternalMetadata Load (0.5ms)[0m  [1m[34mSELECT  "ar_internal_metadata".* FROM "ar_internal_metadata" WHERE "ar_internal_metadata"."key" = $1 LIMIT $2[0m  [["key", "environment"], ["LIMIT", 1]]
  â†³ bin/rails:9
  [1m[35m (0.1ms)[0m  [1m[35mBEGIN[0m
  â†³ bin/rails:9
  [1m[36mActiveRecord::InternalMetadata Create (0.4ms)[0m  [1m[32mINSERT INTO "ar_internal_metadata" ("key", "value", "created_at", "updated_at") VALUES ($1, $2, $3, $4) RETURNING "key"[0m  [["key", "environment"], ["value", "development"], ["created_at", "2018-11-27 21:30:58.300702"], ["updated_at", "2018-11-27 21:30:58.300702"]]
  â†³ bin/rails:9
  [1m[35m (0.7ms)[0m  [1m[35mCOMMIT[0m
  â†³ bin/rails:9
  [1m[35m (0.1ms)[0m  [1m[34mSELECT pg_advisory_unlock(3400679014569659550)[0m
  â†³ bin/rails:9
  [1m[35m (0.3ms)[0m  [1m[34mSELECT "schema_migrations"."version" FROM "schema_migrations" ORDER BY "schema_migrations"."version" ASC[0m
  â†³ bin/rails:9
Started GET "/" for 127.0.0.1 at 2018-11-28 06:46:23 +0900
  [1m[35m (0.8ms)[0m  [1m[34mSELECT "schema_migrations"."version" FROM "schema_migrations" ORDER BY "schema_migrations"."version" ASC[0m
  â†³ /home/satoru/.rbenv/versions/2.5.0/lib/ruby/gems/2.5.0/gems/activerecord-5.2.1/lib/active_record/log_subscriber.rb:98
Processing by TasksController#index as HTML
  Rendering tasks/index.html.slim within layouts/application
  Rendered tasks/index.html.slim within layouts/application (13.5ms)
Completed 200 OK in 4816ms (Views: 4810.2ms | ActiveRecord: 0.0ms)


Started GET "/" for 127.0.0.1 at 2018-12-02 18:55:52 +0900
  [1m[35m (2.3ms)[0m  [1m[34mSELECT "schema_migrations"."version" FROM "schema_migrations" ORDER BY "schema_migrations"."version" ASC[0m
  â†³ /home/satoru/.rbenv/versions/2.5.0/lib/ruby/gems/2.5.0/gems/activerecord-5.2.1/lib/active_record/log_subscriber.rb:98
Processing by TasksController#index as HTML
  Rendering tasks/index.html.slim within layouts/application
  Rendered tasks/index.html.slim within layouts/application (11.1ms)
Completed 200 OK in 436ms (Views: 430.2ms | ActiveRecord: 0.0ms)


Started GET "/" for 127.0.0.1 at 2018-12-04 21:50:36 +0900
  [1m[35m (7.6ms)[0m  [1m[34mSELECT "schema_migrations"."version" FROM "schema_migrations" ORDER BY "schema_migrations"."version" ASC[0m
  â†³ /home/satoru/.rbenv/versions/2.5.0/lib/ruby/gems/2.5.0/gems/activerecord-5.2.1/lib/active_record/log_subscriber.rb:98
Processing by TasksController#index as HTML
  Rendering tasks/index.html.slim within layouts/application
  Rendered tasks/index.html.slim within layouts/application (11.5ms)
Completed 200 OK in 502ms (Views: 491.2ms | ActiveRecord: 0.0ms)


Started GET "/tasks/new" for 127.0.0.1 at 2018-12-04 21:58:08 +0900
Processing by TasksController#new as HTML
  Rendering tasks/new.html.slim within layouts/application
  Rendered tasks/new.html.slim within layouts/application (54.7ms)
Completed 200 OK in 77ms (Views: 76.4ms | ActiveRecord: 0.0ms)


Started GET "/tasks/new" for 127.0.0.1 at 2018-12-08 14:13:42 +0900
  [1m[35m (0.9ms)[0m  [1m[34mSELECT "schema_migrations"."version" FROM "schema_migrations" ORDER BY "schema_migrations"."version" ASC[0m
  â†³ /home/satoru/.rbenv/versions/2.5.0/lib/ruby/gems/2.5.0/gems/activerecord-5.2.1/lib/active_record/log_subscriber.rb:98
Processing by TasksController#new as HTML
  Rendering tasks/new.html.slim within layouts/application
  Rendered tasks/new.html.slim within layouts/application (30.6ms)
Completed 200 OK in 338ms (Views: 333.1ms | ActiveRecord: 0.0ms)


Started GET "/" for 127.0.0.1 at 2018-12-08 14:13:56 +0900
Processing by TasksController#index as HTML
  Rendering tasks/index.html.slim within layouts/application
  Rendered tasks/index.html.slim within layouts/application (1.8ms)
Completed 200 OK in 32ms (Views: 31.7ms | ActiveRecord: 0.0ms)


Started GET "/" for 127.0.0.1 at 2018-12-08 21:15:45 +0900
  [1m[35m (1.1ms)[0m  [1m[34mSELECT "schema_migrations"."version" FROM "schema_migrations" ORDER BY "schema_migrations"."version" ASC[0m
  â†³ /home/satoru/.rbenv/versions/2.5.0/lib/ruby/gems/2.5.0/gems/activerecord-5.2.1/lib/active_record/log_subscriber.rb:98
Processing by TasksController#index as HTML
  Rendering tasks/index.html.slim within layouts/application
  Rendered tasks/index.html.slim within layouts/application (10.2ms)
Completed 200 OK in 374ms (Views: 364.7ms | ActiveRecord: 0.0ms)


Started GET "/tasks/new" for 127.0.0.1 at 2018-12-08 21:15:49 +0900
Processing by TasksController#new as HTML
  Rendering tasks/new.html.slim within layouts/application
  Rendered tasks/new.html.slim within layouts/application (29.1ms)
Completed 200 OK in 66ms (Views: 64.8ms | ActiveRecord: 0.0ms)


Started POST "/tasks/new" for 127.0.0.1 at 2018-12-08 21:15:59 +0900
  
ActionController::RoutingError (No route matches [POST] "/tasks/new"):
  
actionpack (5.2.1) lib/action_dispatch/middleware/debug_exceptions.rb:65:in `call'
web-console (3.7.0) lib/web_console/middleware.rb:135:in `call_app'
web-console (3.7.0) lib/web_console/middleware.rb:30:in `block in call'
web-console (3.7.0) lib/web_console/middleware.rb:20:in `catch'
web-console (3.7.0) lib/web_console/middleware.rb:20:in `call'
actionpack (5.2.1) lib/action_dispatch/middleware/show_exceptions.rb:33:in `call'
railties (5.2.1) lib/rails/rack/logger.rb:38:in `call_app'
railties (5.2.1) lib/rails/rack/logger.rb:26:in `block in call'
activesupport (5.2.1) lib/active_support/tagged_logging.rb:71:in `block in tagged'
activesupport (5.2.1) lib/active_support/tagged_logging.rb:28:in `tagged'
activesupport (5.2.1) lib/active_support/tagged_logging.rb:71:in `tagged'
railties (5.2.1) lib/rails/rack/logger.rb:26:in `call'
sprockets-rails (3.2.1) lib/sprockets/rails/quiet_assets.rb:13:in `call'
actionpack (5.2.1) lib/action_dispatch/middleware/remote_ip.rb:81:in `call'
actionpack (5.2.1) lib/action_dispatch/middleware/request_id.rb:27:in `call'
rack (2.0.6) lib/rack/method_override.rb:22:in `call'
rack (2.0.6) lib/rack/runtime.rb:22:in `call'
activesupport (5.2.1) lib/active_support/cache/strategy/local_cache_middleware.rb:29:in `call'
actionpack (5.2.1) lib/action_dispatch/middleware/executor.rb:14:in `call'
actionpack (5.2.1) lib/action_dispatch/middleware/static.rb:127:in `call'
rack (2.0.6) lib/rack/sendfile.rb:111:in `call'
railties (5.2.1) lib/rails/engine.rb:524:in `call'
puma (3.12.0) lib/puma/configuration.rb:225:in `call'
puma (3.12.0) lib/puma/server.rb:658:in `handle_request'
puma (3.12.0) lib/puma/server.rb:472:in `process_client'
puma (3.12.0) lib/puma/server.rb:332:in `block in run'
puma (3.12.0) lib/puma/thread_pool.rb:133:in `block in spawn_thread'
Started GET "/" for 127.0.0.1 at 2018-12-08 21:20:04 +0900
Started GET "/" for 127.0.0.1 at 2018-12-08 21:20:14 +0900
Processing by TasksController#index as HTML
  Rendering tasks/index.html.slim within layouts/application
  Rendered tasks/index.html.slim within layouts/application (2.6ms)
Completed 200 OK in 47ms (Views: 40.9ms | ActiveRecord: 0.0ms)


Processing by TasksController#index as HTML
  Rendering tasks/index.html.slim within layouts/application
  Rendered tasks/index.html.slim within layouts/application (0.4ms)
Completed 200 OK in 83ms (Views: 82.1ms | ActiveRecord: 0.0ms)


Started GET "/tasks/new" for 127.0.0.1 at 2018-12-08 21:20:19 +0900
Processing by TasksController#new as HTML
  Rendering tasks/new.html.slim within layouts/application
  Rendered tasks/new.html.slim within layouts/application (12.4ms)
Completed 200 OK in 64ms (Views: 62.5ms | ActiveRecord: 0.0ms)


Started POST "/tasks/new" for 127.0.0.1 at 2018-12-08 21:20:30 +0900
  
ActionController::RoutingError (No route matches [POST] "/tasks/new"):
  
actionpack (5.2.1) lib/action_dispatch/middleware/debug_exceptions.rb:65:in `call'
web-console (3.7.0) lib/web_console/middleware.rb:135:in `call_app'
web-console (3.7.0) lib/web_console/middleware.rb:30:in `block in call'
web-console (3.7.0) lib/web_console/middleware.rb:20:in `catch'
web-console (3.7.0) lib/web_console/middleware.rb:20:in `call'
actionpack (5.2.1) lib/action_dispatch/middleware/show_exceptions.rb:33:in `call'
railties (5.2.1) lib/rails/rack/logger.rb:38:in `call_app'
railties (5.2.1) lib/rails/rack/logger.rb:26:in `block in call'
activesupport (5.2.1) lib/active_support/tagged_logging.rb:71:in `block in tagged'
activesupport (5.2.1) lib/active_support/tagged_logging.rb:28:in `tagged'
activesupport (5.2.1) lib/active_support/tagged_logging.rb:71:in `tagged'
railties (5.2.1) lib/rails/rack/logger.rb:26:in `call'
sprockets-rails (3.2.1) lib/sprockets/rails/quiet_assets.rb:13:in `call'
actionpack (5.2.1) lib/action_dispatch/middleware/remote_ip.rb:81:in `call'
actionpack (5.2.1) lib/action_dispatch/middleware/request_id.rb:27:in `call'
rack (2.0.6) lib/rack/method_override.rb:22:in `call'
rack (2.0.6) lib/rack/runtime.rb:22:in `call'
activesupport (5.2.1) lib/active_support/cache/strategy/local_cache_middleware.rb:29:in `call'
actionpack (5.2.1) lib/action_dispatch/middleware/executor.rb:14:in `call'
actionpack (5.2.1) lib/action_dispatch/middleware/static.rb:127:in `call'
rack (2.0.6) lib/rack/sendfile.rb:111:in `call'
railties (5.2.1) lib/rails/engine.rb:524:in `call'
puma (3.12.0) lib/puma/configuration.rb:225:in `call'
puma (3.12.0) lib/puma/server.rb:658:in `handle_request'
puma (3.12.0) lib/puma/server.rb:472:in `process_client'
puma (3.12.0) lib/puma/server.rb:332:in `block in run'
puma (3.12.0) lib/puma/thread_pool.rb:133:in `block in spawn_thread'
Started POST "/tasks/new" for 127.0.0.1 at 2018-12-08 21:29:11 +0900
  [1m[35m (0.8ms)[0m  [1m[34mSELECT "schema_migrations"."version" FROM "schema_migrations" ORDER BY "schema_migrations"."version" ASC[0m
  â†³ /home/satoru/.rbenv/versions/2.5.0/lib/ruby/gems/2.5.0/gems/activerecord-5.2.1/lib/active_record/log_subscriber.rb:98
  
ActionController::RoutingError (No route matches [POST] "/tasks/new"):
  
actionpack (5.2.1) lib/action_dispatch/middleware/debug_exceptions.rb:65:in `call'
web-console (3.7.0) lib/web_console/middleware.rb:135:in `call_app'
web-console (3.7.0) lib/web_console/middleware.rb:30:in `block in call'
web-console (3.7.0) lib/web_console/middleware.rb:20:in `catch'
web-console (3.7.0) lib/web_console/middleware.rb:20:in `call'
actionpack (5.2.1) lib/action_dispatch/middleware/show_exceptions.rb:33:in `call'
railties (5.2.1) lib/rails/rack/logger.rb:38:in `call_app'
railties (5.2.1) lib/rails/rack/logger.rb:26:in `block in call'
activesupport (5.2.1) lib/active_support/tagged_logging.rb:71:in `block in tagged'
activesupport (5.2.1) lib/active_support/tagged_logging.rb:28:in `tagged'
activesupport (5.2.1) lib/active_support/tagged_logging.rb:71:in `tagged'
railties (5.2.1) lib/rails/rack/logger.rb:26:in `call'
sprockets-rails (3.2.1) lib/sprockets/rails/quiet_assets.rb:13:in `call'
actionpack (5.2.1) lib/action_dispatch/middleware/remote_ip.rb:81:in `call'
actionpack (5.2.1) lib/action_dispatch/middleware/request_id.rb:27:in `call'
rack (2.0.6) lib/rack/method_override.rb:22:in `call'
rack (2.0.6) lib/rack/runtime.rb:22:in `call'
activesupport (5.2.1) lib/active_support/cache/strategy/local_cache_middleware.rb:29:in `call'
actionpack (5.2.1) lib/action_dispatch/middleware/executor.rb:14:in `call'
actionpack (5.2.1) lib/action_dispatch/middleware/static.rb:127:in `call'
rack (2.0.6) lib/rack/sendfile.rb:111:in `call'
railties (5.2.1) lib/rails/engine.rb:524:in `call'
puma (3.12.0) lib/puma/configuration.rb:225:in `call'
puma (3.12.0) lib/puma/server.rb:658:in `handle_request'
puma (3.12.0) lib/puma/server.rb:472:in `process_client'
puma (3.12.0) lib/puma/server.rb:332:in `block in run'
puma (3.12.0) lib/puma/thread_pool.rb:133:in `block in spawn_thread'
Started GET "/" for 127.0.0.1 at 2018-12-08 21:29:17 +0900
Processing by TasksController#index as HTML
  Rendering tasks/index.html.slim within layouts/application
  Rendered tasks/index.html.slim within layouts/application (35.3ms)
Completed 200 OK in 461ms (Views: 459.7ms | ActiveRecord: 0.0ms)


Started GET "/tasks/new" for 127.0.0.1 at 2018-12-08 21:29:21 +0900
Processing by TasksController#new as HTML
  Rendering tasks/new.html.slim within layouts/application
  Rendered tasks/new.html.slim within layouts/application (6.5ms)
Completed 200 OK in 101ms (Views: 43.2ms | ActiveRecord: 44.5ms)


Started POST "/tasks" for 127.0.0.1 at 2018-12-08 21:29:29 +0900
Processing by TasksController#create as HTML
  Parameters: {"utf8"=>"âœ“", "authenticity_token"=>"dZvgKzY5Uot9xL6AUoUm6obfHCzIstYNHDMqfEm4Gjjwj7fKRVhwYRonx8tzYgxAyOBxjV7N34UZy07fZi0mGQ==", "task"=>{"name"=>"aaa", "description"=>"bbb"}, "commit"=>"ç™»éŒ²ã™ã‚‹"}
  [1m[35m (0.8ms)[0m  [1m[35mBEGIN[0m
  â†³ app/controllers/tasks_controller.rb:17
  [1m[36mTask Create (16.0ms)[0m  [1m[32mINSERT INTO "tasks" ("name", "description", "created_at", "updated_at") VALUES ($1, $2, $3, $4) RETURNING "id"[0m  [["name", "aaa"], ["description", "bbb"], ["created_at", "2018-12-08 12:29:29.425078"], ["updated_at", "2018-12-08 12:29:29.425078"]]
  â†³ app/controllers/tasks_controller.rb:17
  [1m[35m (4.8ms)[0m  [1m[35mCOMMIT[0m
  â†³ app/controllers/tasks_controller.rb:17
Redirected to http://localhost:3000/tasks
Completed 302 Found in 44ms (ActiveRecord: 21.6ms)


Started GET "/tasks" for 127.0.0.1 at 2018-12-08 21:29:29 +0900
Processing by TasksController#index as HTML
  Rendering tasks/index.html.slim within layouts/application
  Rendered tasks/index.html.slim within layouts/application (1.9ms)
Completed 200 OK in 27ms (Views: 24.5ms | ActiveRecord: 0.0ms)


Started GET "/tasks" for 127.0.0.1 at 2018-12-08 21:30:18 +0900
Processing by TasksController#index as HTML
  Rendering tasks/index.html.slim within layouts/application
  Rendered tasks/index.html.slim within layouts/application (2.0ms)
Completed 200 OK in 36ms (Views: 35.3ms | ActiveRecord: 0.0ms)


Started GET "/tasks/new" for 127.0.0.1 at 2018-12-08 21:30:21 +0900
Processing by TasksController#new as HTML
  Rendering tasks/new.html.slim within layouts/application
  Rendered tasks/new.html.slim within layouts/application (8.0ms)
Completed 200 OK in 40ms (Views: 38.6ms | ActiveRecord: 0.0ms)


Started POST "/tasks" for 127.0.0.1 at 2018-12-08 21:30:27 +0900
Processing by TasksController#create as HTML
  Parameters: {"utf8"=>"âœ“", "authenticity_token"=>"N90Wow2bSmw3rI/BfJF7DqjEh/ZnBqFiC0uH7Vh6lSxiGcNRjvtoofIxmzNoe5Q//QVEqRbKzz0dvaYkeLZxHQ==", "task"=>{"name"=>"qqq", "description"=>"www"}, "commit"=>"ç™»éŒ²ã™ã‚‹"}
  [1m[35m (0.4ms)[0m  [1m[35mBEGIN[0m
  â†³ app/controllers/tasks_controller.rb:17
  [1m[36mTask Create (0.8ms)[0m  [1m[32mINSERT INTO "tasks" ("name", "description", "created_at", "updated_at") VALUES ($1, $2, $3, $4) RETURNING "id"[0m  [["name", "qqq"], ["description", "www"], ["created_at", "2018-12-08 12:30:27.145933"], ["updated_at", "2018-12-08 12:30:27.145933"]]
  â†³ app/controllers/tasks_controller.rb:17
  [1m[35m (4.2ms)[0m  [1m[35mCOMMIT[0m
  â†³ app/controllers/tasks_controller.rb:17
Redirected to http://localhost:3000/tasks
Completed 302 Found in 17ms (ActiveRecord: 5.3ms)


Started GET "/tasks" for 127.0.0.1 at 2018-12-08 21:30:27 +0900
Processing by TasksController#index as HTML
  Rendering tasks/index.html.slim within layouts/application
  Rendered tasks/index.html.slim within layouts/application (3.0ms)
Completed 200 OK in 79ms (Views: 77.2ms | ActiveRecord: 0.0ms)


Started GET "/tasks" for 127.0.0.1 at 2018-12-08 21:31:35 +0900
Processing by TasksController#index as HTML
  Rendering tasks/index.html.slim within layouts/application
  Rendered tasks/index.html.slim within layouts/application (2.5ms)
Completed 200 OK in 27ms (Views: 25.2ms | ActiveRecord: 0.0ms)


Started GET "/tasks" for 127.0.0.1 at 2018-12-08 22:20:05 +0900
Processing by TasksController#index as HTML
  Rendering tasks/index.html.slim within layouts/application
  [1m[36mTask Load (1.1ms)[0m  [1m[34mSELECT "tasks".* FROM "tasks"[0m
  â†³ app/views/tasks/index.html.slim:11
  Rendered tasks/index.html.slim within layouts/application (29.7ms)
Completed 200 OK in 87ms (Views: 75.3ms | ActiveRecord: 7.9ms)


Started GET "/" for 127.0.0.1 at 2018-12-08 22:20:14 +0900
Processing by TasksController#index as HTML
  Rendering tasks/index.html.slim within layouts/application
  [1m[36mTask Load (0.5ms)[0m  [1m[34mSELECT "tasks".* FROM "tasks"[0m
  â†³ app/views/tasks/index.html.slim:11
  Rendered tasks/index.html.slim within layouts/application (12.6ms)
Completed 200 OK in 56ms (Views: 54.0ms | ActiveRecord: 0.5ms)


Started GET "/tasks/new" for 127.0.0.1 at 2018-12-08 22:20:31 +0900
Processing by TasksController#new as HTML
  Rendering tasks/new.html.slim within layouts/application
  Rendered tasks/new.html.slim within layouts/application (8.0ms)
Completed 200 OK in 57ms (Views: 55.6ms | ActiveRecord: 0.0ms)


Started POST "/tasks" for 127.0.0.1 at 2018-12-08 22:20:37 +0900
Processing by TasksController#create as HTML
  Parameters: {"utf8"=>"âœ“", "authenticity_token"=>"3+XIN8ZIM/dk9HsynsxYnA5v4CeyITbqGQfOl1oUvGSKIR3FRSgROqFpb8CKJretW64jeMPtWLUP8e9eethYVQ==", "task"=>{"name"=>"qqq", "description"=>"rrrr"}, "commit"=>"ç™»éŒ²ã™ã‚‹"}
  [1m[35m (0.2ms)[0m  [1m[35mBEGIN[0m
  â†³ app/controllers/tasks_controller.rb:18
  [1m[36mTask Create (2.2ms)[0m  [1m[32mINSERT INTO "tasks" ("name", "description", "created_at", "updated_at") VALUES ($1, $2, $3, $4) RETURNING "id"[0m  [["name", "qqq"], ["description", "rrrr"], ["created_at", "2018-12-08 13:20:37.964197"], ["updated_at", "2018-12-08 13:20:37.964197"]]
  â†³ app/controllers/tasks_controller.rb:18
  [1m[35m (1.0ms)[0m  [1m[35mCOMMIT[0m
  â†³ app/controllers/tasks_controller.rb:18
Redirected to http://localhost:3000/tasks
Completed 302 Found in 10ms (ActiveRecord: 3.4ms)


Started GET "/tasks" for 127.0.0.1 at 2018-12-08 22:20:37 +0900
Processing by TasksController#index as HTML
  Rendering tasks/index.html.slim within layouts/application
  [1m[36mTask Load (0.3ms)[0m  [1m[34mSELECT "tasks".* FROM "tasks"[0m
  â†³ app/views/tasks/index.html.slim:11
  Rendered tasks/index.html.slim within layouts/application (12.0ms)
Completed 200 OK in 92ms (Views: 91.1ms | ActiveRecord: 0.3ms)


Started GET "/tasks" for 127.0.0.1 at 2018-12-08 22:40:40 +0900
Processing by TasksController#index as HTML
  Rendering tasks/index.html.slim within layouts/application
  [1m[36mTask Load (0.5ms)[0m  [1m[34mSELECT "tasks".* FROM "tasks"[0m
  â†³ app/views/tasks/index.html.slim:11
  Rendered tasks/index.html.slim within layouts/application (28.4ms)
Completed 200 OK in 61ms (Views: 48.3ms | ActiveRecord: 9.6ms)


Started GET "/tasks/1" for 127.0.0.1 at 2018-12-08 22:40:48 +0900
Processing by TasksController#show as HTML
  Parameters: {"id"=>"1"}
  [1m[36mTask Load (0.4ms)[0m  [1m[34mSELECT  "tasks".* FROM "tasks" WHERE "tasks"."id" = $1 LIMIT $2[0m  [["id", 1], ["LIMIT", 1]]
  â†³ app/controllers/tasks_controller.rb:7
  Rendering tasks/show.html.slim within layouts/application
  Rendered tasks/show.html.slim within layouts/application (5.4ms)
Completed 200 OK in 51ms (Views: 42.8ms | ActiveRecord: 1.1ms)


Started GET "/tasks" for 127.0.0.1 at 2018-12-08 22:41:14 +0900
Processing by TasksController#index as HTML
  Rendering tasks/index.html.slim within layouts/application
  [1m[36mTask Load (0.8ms)[0m  [1m[34mSELECT "tasks".* FROM "tasks"[0m
  â†³ app/views/tasks/index.html.slim:11
  Rendered tasks/index.html.slim within layouts/application (13.7ms)
Completed 200 OK in 53ms (Views: 50.8ms | ActiveRecord: 0.8ms)


Started GET "/tasks/2" for 127.0.0.1 at 2018-12-08 22:41:18 +0900
Processing by TasksController#show as HTML
  Parameters: {"id"=>"2"}
  [1m[36mTask Load (0.5ms)[0m  [1m[34mSELECT  "tasks".* FROM "tasks" WHERE "tasks"."id" = $1 LIMIT $2[0m  [["id", 2], ["LIMIT", 1]]
  â†³ app/controllers/tasks_controller.rb:7
  Rendering tasks/show.html.slim within layouts/application
  Rendered tasks/show.html.slim within layouts/application (7.6ms)
Completed 200 OK in 48ms (Views: 45.2ms | ActiveRecord: 0.5ms)


Started GET "/tasks" for 127.0.0.1 at 2018-12-08 22:41:22 +0900
Processing by TasksController#index as HTML
  Rendering tasks/index.html.slim within layouts/application
  [1m[36mTask Load (0.3ms)[0m  [1m[34mSELECT "tasks".* FROM "tasks"[0m
  â†³ app/views/tasks/index.html.slim:11
  Rendered tasks/index.html.slim within layouts/application (7.4ms)
Completed 200 OK in 45ms (Views: 43.9ms | ActiveRecord: 0.3ms)


Started GET "/tasks/3" for 127.0.0.1 at 2018-12-08 22:42:24 +0900
Processing by TasksController#show as HTML
  Parameters: {"id"=>"3"}
  [1m[36mTask Load (2.7ms)[0m  [1m[34mSELECT  "tasks".* FROM "tasks" WHERE "tasks"."id" = $1 LIMIT $2[0m  [["id", 3], ["LIMIT", 1]]
  â†³ app/controllers/tasks_controller.rb:7
  Rendering tasks/show.html.slim within layouts/application
  Rendered tasks/show.html.slim within layouts/application (6.5ms)
Completed 200 OK in 78ms (Views: 66.7ms | ActiveRecord: 2.7ms)


Started GET "/tasks" for 127.0.0.1 at 2018-12-08 22:46:04 +0900
Processing by TasksController#index as HTML
  Rendering tasks/index.html.slim within layouts/application
  [1m[36mTask Load (0.6ms)[0m  [1m[34mSELECT "tasks".* FROM "tasks"[0m
  â†³ app/views/tasks/index.html.slim:11
  Rendered tasks/index.html.slim within layouts/application (17.0ms)
Completed 200 OK in 57ms (Views: 55.1ms | ActiveRecord: 0.6ms)


Started GET "/tasks" for 127.0.0.1 at 2018-12-08 22:51:03 +0900
Processing by TasksController#index as HTML
  Rendering tasks/index.html.slim within layouts/application
  Rendered tasks/index.html.slim within layouts/application (9.3ms)
Completed 500 Internal Server Error in 13ms (ActiveRecord: 0.0ms)


  
SyntaxError (/home/satoru/traning/taskleaf/app/views/tasks/index.html.slim:9: syntax error, unexpected ']', expecting ')'
...an_attribute_name(:created_at)]))).to_s)); 
...                              ^
/home/satoru/traning/taskleaf/app/views/tasks/index.html.slim:19: syntax error, unexpected keyword_ensure, expecting ')'
          ensure
          ^~~~~~
/home/satoru/traning/taskleaf/app/views/tasks/index.html.slim:21: syntax error, unexpected keyword_end, expecting ')'
          end
          ^~~):
  
app/views/tasks/index.html.slim:9: syntax error, unexpected ']', expecting ')'
app/views/tasks/index.html.slim:19: syntax error, unexpected keyword_ensure, expecting ')'
app/views/tasks/index.html.slim:21: syntax error, unexpected keyword_end, expecting ')'
Started GET "/tasks" for 127.0.0.1 at 2018-12-08 22:51:25 +0900
Processing by TasksController#index as HTML
  Rendering tasks/index.html.slim within layouts/application
  [1m[36mTask Load (0.3ms)[0m  [1m[34mSELECT "tasks".* FROM "tasks"[0m
  â†³ app/views/tasks/index.html.slim:12
  Rendered tasks/index.html.slim within layouts/application (7.7ms)
Completed 200 OK in 45ms (Views: 43.0ms | ActiveRecord: 0.3ms)


Started GET "/tasks/1/edit" for 127.0.0.1 at 2018-12-08 22:51:31 +0900
Processing by TasksController#edit as HTML
  Parameters: {"id"=>"1"}
  Rendering tasks/edit.html.slim within layouts/application
  Rendered tasks/edit.html.slim within layouts/application (5.6ms)
Completed 200 OK in 62ms (Views: 61.4ms | ActiveRecord: 0.0ms)


